[2m2025-12-26T10:52:21.637080Z[0m [31mERROR[0m [2mglazewm[0m[2m:[0m Another instance of the application is already running.
[2m2025-12-26T10:52:25.504711Z[0m [31mERROR[0m [2mglazewm[0m[2m:[0m Failed to execute 'zebar'.

Error: The operation was canceled by the user. (0x800704C7)
[2m2025-12-26T10:53:55.243946Z[0m [31mERROR[0m [2mglazewm[0m[2m:[0m Failed to execute 'zebar'.

Error: The operation was canceled by the user. (0x800704C7)
[2m2025-12-26T11:00:21.970732Z[0m [31mERROR[0m [2mglazewm[0m[2m:[0m Failed to execute 'zebar'.

Error: The operation was canceled by the user. (0x800704C7)
[2m2025-12-26T12:24:03.825076Z[0m [31mERROR[0m [2mglazewm[0m[2m:[0m duplicate field `keybindings`
[2m2025-12-26T12:27:24.989555Z[0m [31mERROR[0m [2mglazewm[0m[2m:[0m keybindings[24].commands: unrecognized subcommand
 at line 259 column 15
[2m2025-12-26T12:32:00.912599Z[0m [31mERROR[0m [2mglazewm[0m[2m:[0m keybindings[24].commands: unrecognized subcommand
 at line 259 column 15
[2m2025-12-26T12:35:13.496698Z[0m [31mERROR[0m [2mglazewm[0m[2m:[0m keybindings[24].commands: unrecognized subcommand
 at line 259 column 15
[2m2026-01-02T08:50:36.075091Z[0m [31mERROR[0m [2mglazewm[0m[2m:[0m keybindings[24].commands: unrecognized subcommand
 at line 259 column 15
[2m2026-01-02T08:51:01.556524Z[0m [31mERROR[0m [2mglazewm[0m[2m:[0m keybindings[24].commands: unrecognized subcommand
 at line 259 column 15
[2m2026-01-02T08:51:17.228046Z[0m [31mERROR[0m [2mglazewm[0m[2m:[0m keybindings[24].commands: unrecognized subcommand
 at line 259 column 15
[2m2026-01-02T11:32:38.235023Z[0m [31mERROR[0m [2mglazewm[0m[2m:[0m Another instance of the application is already running.
